{"C:\\Users\\Basir Ahmad\\To-Do-List\\src\\ToDoStatus.js": {"path":"C:\\Users\\Basir Ahmad\\To-Do-List\\src\\ToDoStatus.js","statementMap":{"0":{"start":{"line":4,"column":26},"end":{"line":4,"column":68}},"1":{"start":{"line":7,"column":21},"end":{"line":48,"column":1}},"2":{"start":{"line":8,"column":15},"end":{"line":8,"column":61}},"3":{"start":{"line":9,"column":2},"end":{"line":28,"column":5}},"4":{"start":{"line":10,"column":4},"end":{"line":10,"column":20}},"5":{"start":{"line":11,"column":26},"end":{"line":11,"column":55}},"6":{"start":{"line":12,"column":4},"end":{"line":12,"column":46}},"7":{"start":{"line":13,"column":4},"end":{"line":18,"column":6}},"8":{"start":{"line":19,"column":4},"end":{"line":19,"column":49}},"9":{"start":{"line":21,"column":22},"end":{"line":21,"column":65}},"10":{"start":{"line":22,"column":4},"end":{"line":27,"column":7}},"11":{"start":{"line":23,"column":6},"end":{"line":26,"column":9}},"12":{"start":{"line":24,"column":8},"end":{"line":24,"column":58}},"13":{"start":{"line":25,"column":8},"end":{"line":25,"column":58}},"14":{"start":{"line":30,"column":19},"end":{"line":30,"column":57}},"15":{"start":{"line":31,"column":2},"end":{"line":39,"column":5}},"16":{"start":{"line":32,"column":4},"end":{"line":38,"column":7}},"17":{"start":{"line":33,"column":6},"end":{"line":33,"column":59}},"18":{"start":{"line":34,"column":6},"end":{"line":34,"column":57}},"19":{"start":{"line":35,"column":6},"end":{"line":35,"column":72}},"20":{"start":{"line":36,"column":6},"end":{"line":36,"column":97}},"21":{"start":{"line":37,"column":6},"end":{"line":37,"column":27}},"22":{"start":{"line":41,"column":22},"end":{"line":41,"column":64}},"23":{"start":{"line":42,"column":2},"end":{"line":46,"column":5}},"24":{"start":{"line":43,"column":4},"end":{"line":45,"column":7}},"25":{"start":{"line":44,"column":6},"end":{"line":44,"column":34}},"26":{"start":{"line":47,"column":2},"end":{"line":47,"column":56}},"27":{"start":{"line":53,"column":27},"end":{"line":64,"column":1}},"28":{"start":{"line":54,"column":20},"end":{"line":54,"column":60}},"29":{"start":{"line":55,"column":16},"end":{"line":55,"column":49}},"30":{"start":{"line":56,"column":2},"end":{"line":62,"column":3}},"31":{"start":{"line":56,"column":15},"end":{"line":56,"column":16}},"32":{"start":{"line":57,"column":4},"end":{"line":61,"column":5}},"33":{"start":{"line":58,"column":6},"end":{"line":58,"column":36}},"34":{"start":{"line":60,"column":6},"end":{"line":60,"column":37}},"35":{"start":{"line":63,"column":2},"end":{"line":63,"column":58}}},"fnMap":{"0":{"name":"(anonymous_0)","decl":{"start":{"line":7,"column":21},"end":{"line":7,"column":22}},"loc":{"start":{"line":7,"column":27},"end":{"line":48,"column":1}},"line":7},"1":{"name":"(anonymous_1)","decl":{"start":{"line":9,"column":11},"end":{"line":9,"column":12}},"loc":{"start":{"line":9,"column":16},"end":{"line":28,"column":3}},"line":9},"2":{"name":"(anonymous_2)","decl":{"start":{"line":22,"column":22},"end":{"line":22,"column":23}},"loc":{"start":{"line":22,"column":29},"end":{"line":27,"column":5}},"line":22},"3":{"name":"(anonymous_3)","decl":{"start":{"line":23,"column":34},"end":{"line":23,"column":35}},"loc":{"start":{"line":23,"column":40},"end":{"line":26,"column":7}},"line":23},"4":{"name":"(anonymous_4)","decl":{"start":{"line":31,"column":19},"end":{"line":31,"column":20}},"loc":{"start":{"line":31,"column":26},"end":{"line":39,"column":3}},"line":31},"5":{"name":"(anonymous_5)","decl":{"start":{"line":32,"column":32},"end":{"line":32,"column":33}},"loc":{"start":{"line":32,"column":38},"end":{"line":38,"column":5}},"line":32},"6":{"name":"(anonymous_6)","decl":{"start":{"line":42,"column":22},"end":{"line":42,"column":23}},"loc":{"start":{"line":42,"column":29},"end":{"line":46,"column":3}},"line":42},"7":{"name":"(anonymous_7)","decl":{"start":{"line":43,"column":32},"end":{"line":43,"column":33}},"loc":{"start":{"line":43,"column":38},"end":{"line":45,"column":5}},"line":43},"8":{"name":"(anonymous_8)","decl":{"start":{"line":53,"column":27},"end":{"line":53,"column":28}},"loc":{"start":{"line":53,"column":33},"end":{"line":64,"column":1}},"line":53}},"branchMap":{"0":{"loc":{"start":{"line":8,"column":15},"end":{"line":8,"column":61}},"type":"binary-expr","locations":[{"start":{"line":8,"column":15},"end":{"line":8,"column":55}},{"start":{"line":8,"column":59},"end":{"line":8,"column":61}}],"line":8},"1":{"loc":{"start":{"line":57,"column":4},"end":{"line":61,"column":5}},"type":"if","locations":[{"start":{"line":57,"column":4},"end":{"line":61,"column":5}},{"start":{"line":59,"column":11},"end":{"line":61,"column":5}}],"line":57}},"s":{"0":1,"1":1,"2":1,"3":1,"4":0,"5":0,"6":0,"7":0,"8":0,"9":0,"10":0,"11":0,"12":0,"13":0,"14":1,"15":1,"16":0,"17":0,"18":0,"19":0,"20":0,"21":0,"22":1,"23":1,"24":0,"25":0,"26":1,"27":1,"28":0,"29":0,"30":0,"31":0,"32":0,"33":0,"34":0,"35":0},"f":{"0":1,"1":0,"2":0,"3":0,"4":0,"5":0,"6":0,"7":0,"8":0},"b":{"0":[1,1],"1":[0,0]},"_coverageSchema":"1a1c01bbd47fc00a2c39e90264f33305004495a9","hash":"0d5b4159855269ca2ba22466b1aab93d4576eddb"}
,"C:\\Users\\Basir Ahmad\\To-Do-List\\src\\functionalities.js": {"path":"C:\\Users\\Basir Ahmad\\To-Do-List\\src\\functionalities.js","statementMap":{"0":{"start":{"line":1,"column":26},"end":{"line":1,"column":68}},"1":{"start":{"line":4,"column":24},"end":{"line":25,"column":1}},"2":{"start":{"line":5,"column":20},"end":{"line":5,"column":51}},"3":{"start":{"line":6,"column":2},"end":{"line":6,"column":26}},"4":{"start":{"line":7,"column":2},"end":{"line":7,"column":36}},"5":{"start":{"line":8,"column":2},"end":{"line":8,"column":37}},"6":{"start":{"line":9,"column":2},"end":{"line":9,"column":46}},"7":{"start":{"line":10,"column":2},"end":{"line":24,"column":5}},"8":{"start":{"line":11,"column":4},"end":{"line":23,"column":5}},"9":{"start":{"line":12,"column":29},"end":{"line":12,"column":72}},"10":{"start":{"line":13,"column":35},"end":{"line":13,"column":75}},"11":{"start":{"line":14,"column":6},"end":{"line":19,"column":7}},"12":{"start":{"line":14,"column":19},"end":{"line":14,"column":20}},"13":{"start":{"line":15,"column":8},"end":{"line":18,"column":9}},"14":{"start":{"line":16,"column":10},"end":{"line":16,"column":64}},"15":{"start":{"line":17,"column":10},"end":{"line":17,"column":77}},"16":{"start":{"line":20,"column":6},"end":{"line":20,"column":67}},"17":{"start":{"line":21,"column":6},"end":{"line":21,"column":50}},"18":{"start":{"line":22,"column":6},"end":{"line":22,"column":41}},"19":{"start":{"line":28,"column":26},"end":{"line":35,"column":1}},"20":{"start":{"line":29,"column":2},"end":{"line":29,"column":38}},"21":{"start":{"line":30,"column":14},"end":{"line":30,"column":15}},"22":{"start":{"line":31,"column":31},"end":{"line":31,"column":71}},"23":{"start":{"line":32,"column":15},"end":{"line":32,"column":82}},"24":{"start":{"line":32,"column":60},"end":{"line":32,"column":81}},"25":{"start":{"line":33,"column":2},"end":{"line":33,"column":38}},"26":{"start":{"line":33,"column":16},"end":{"line":33,"column":36}},"27":{"start":{"line":34,"column":2},"end":{"line":34,"column":55}}},"fnMap":{"0":{"name":"(anonymous_0)","decl":{"start":{"line":4,"column":24},"end":{"line":4,"column":25}},"loc":{"start":{"line":4,"column":49},"end":{"line":25,"column":1}},"line":4},"1":{"name":"(anonymous_1)","decl":{"start":{"line":10,"column":41},"end":{"line":10,"column":42}},"loc":{"start":{"line":10,"column":48},"end":{"line":24,"column":3}},"line":10},"2":{"name":"(anonymous_2)","decl":{"start":{"line":28,"column":26},"end":{"line":28,"column":27}},"loc":{"start":{"line":28,"column":36},"end":{"line":35,"column":1}},"line":28},"3":{"name":"(anonymous_3)","decl":{"start":{"line":32,"column":55},"end":{"line":32,"column":56}},"loc":{"start":{"line":32,"column":60},"end":{"line":32,"column":81}},"line":32},"4":{"name":"(anonymous_4)","decl":{"start":{"line":33,"column":11},"end":{"line":33,"column":12}},"loc":{"start":{"line":33,"column":16},"end":{"line":33,"column":36}},"line":33}},"branchMap":{"0":{"loc":{"start":{"line":11,"column":4},"end":{"line":23,"column":5}},"type":"if","locations":[{"start":{"line":11,"column":4},"end":{"line":23,"column":5}},{"start":{},"end":{}}],"line":11},"1":{"loc":{"start":{"line":15,"column":8},"end":{"line":18,"column":9}},"type":"if","locations":[{"start":{"line":15,"column":8},"end":{"line":18,"column":9}},{"start":{},"end":{}}],"line":15}},"s":{"0":1,"1":1,"2":0,"3":0,"4":0,"5":0,"6":0,"7":0,"8":0,"9":0,"10":0,"11":0,"12":0,"13":0,"14":0,"15":0,"16":0,"17":0,"18":0,"19":1,"20":0,"21":0,"22":0,"23":0,"24":0,"25":0,"26":0,"27":0},"f":{"0":0,"1":0,"2":0,"3":0,"4":0},"b":{"0":[0,0],"1":[0,0]},"_coverageSchema":"1a1c01bbd47fc00a2c39e90264f33305004495a9","hash":"70374c7af4ad51e50dc8a905a7402fa321228f11"}
,"C:\\Users\\Basir Ahmad\\To-Do-List\\src\\index.js": {"path":"C:\\Users\\Basir Ahmad\\To-Do-List\\src\\index.js","statementMap":{"0":{"start":{"line":6,"column":18},"end":{"line":6,"column":49}},"1":{"start":{"line":7,"column":26},"end":{"line":7,"column":68}},"2":{"start":{"line":8,"column":17},"end":{"line":8,"column":49}},"3":{"start":{"line":13,"column":4},"end":{"line":13,"column":35}},"4":{"start":{"line":14,"column":4},"end":{"line":14,"column":31}},"5":{"start":{"line":15,"column":4},"end":{"line":15,"column":23}},"6":{"start":{"line":20,"column":23},"end":{"line":20,"column":25}},"7":{"start":{"line":23,"column":16},"end":{"line":63,"column":1}},"8":{"start":{"line":24,"column":24},"end":{"line":24,"column":53}},"9":{"start":{"line":25,"column":2},"end":{"line":25,"column":44}},"10":{"start":{"line":26,"column":2},"end":{"line":31,"column":4}},"11":{"start":{"line":32,"column":2},"end":{"line":32,"column":47}},"12":{"start":{"line":33,"column":19},"end":{"line":33,"column":57}},"13":{"start":{"line":34,"column":2},"end":{"line":42,"column":5}},"14":{"start":{"line":35,"column":4},"end":{"line":41,"column":7}},"15":{"start":{"line":36,"column":6},"end":{"line":36,"column":59}},"16":{"start":{"line":37,"column":6},"end":{"line":37,"column":57}},"17":{"start":{"line":38,"column":6},"end":{"line":38,"column":72}},"18":{"start":{"line":39,"column":6},"end":{"line":39,"column":97}},"19":{"start":{"line":40,"column":6},"end":{"line":40,"column":27}},"20":{"start":{"line":45,"column":17},"end":{"line":45,"column":69}},"21":{"start":{"line":46,"column":2},"end":{"line":46,"column":23}},"22":{"start":{"line":47,"column":2},"end":{"line":47,"column":56}},"23":{"start":{"line":49,"column":20},"end":{"line":49,"column":63}},"24":{"start":{"line":50,"column":2},"end":{"line":55,"column":5}},"25":{"start":{"line":51,"column":4},"end":{"line":54,"column":7}},"26":{"start":{"line":52,"column":6},"end":{"line":52,"column":56}},"27":{"start":{"line":53,"column":6},"end":{"line":53,"column":56}},"28":{"start":{"line":57,"column":22},"end":{"line":57,"column":64}},"29":{"start":{"line":58,"column":2},"end":{"line":62,"column":5}},"30":{"start":{"line":59,"column":4},"end":{"line":61,"column":7}},"31":{"start":{"line":60,"column":6},"end":{"line":60,"column":34}},"32":{"start":{"line":65,"column":0},"end":{"line":71,"column":3}},"33":{"start":{"line":66,"column":2},"end":{"line":70,"column":3}},"34":{"start":{"line":68,"column":4},"end":{"line":68,"column":29}},"35":{"start":{"line":69,"column":4},"end":{"line":69,"column":27}},"36":{"start":{"line":73,"column":0},"end":{"line":73,"column":15}},"37":{"start":{"line":76,"column":20},"end":{"line":88,"column":1}},"38":{"start":{"line":77,"column":20},"end":{"line":77,"column":60}},"39":{"start":{"line":78,"column":24},"end":{"line":78,"column":67}},"40":{"start":{"line":79,"column":2},"end":{"line":83,"column":5}},"41":{"start":{"line":80,"column":4},"end":{"line":82,"column":5}},"42":{"start":{"line":81,"column":6},"end":{"line":81,"column":20}},"43":{"start":{"line":84,"column":14},"end":{"line":84,"column":15}},"44":{"start":{"line":85,"column":15},"end":{"line":85,"column":71}},"45":{"start":{"line":85,"column":49},"end":{"line":85,"column":70}},"46":{"start":{"line":86,"column":2},"end":{"line":86,"column":33}},"47":{"start":{"line":87,"column":2},"end":{"line":87,"column":53}},"48":{"start":{"line":89,"column":0},"end":{"line":89,"column":48}},"49":{"start":{"line":92,"column":0},"end":{"line":92,"column":25}}},"fnMap":{"0":{"name":"(anonymous_0)","decl":{"start":{"line":12,"column":2},"end":{"line":12,"column":3}},"loc":{"start":{"line":12,"column":45},"end":{"line":16,"column":3}},"line":12},"1":{"name":"(anonymous_1)","decl":{"start":{"line":23,"column":16},"end":{"line":23,"column":17}},"loc":{"start":{"line":23,"column":31},"end":{"line":63,"column":1}},"line":23},"2":{"name":"(anonymous_2)","decl":{"start":{"line":34,"column":19},"end":{"line":34,"column":20}},"loc":{"start":{"line":34,"column":26},"end":{"line":42,"column":3}},"line":34},"3":{"name":"(anonymous_3)","decl":{"start":{"line":35,"column":32},"end":{"line":35,"column":33}},"loc":{"start":{"line":35,"column":38},"end":{"line":41,"column":5}},"line":35},"4":{"name":"(anonymous_4)","decl":{"start":{"line":50,"column":20},"end":{"line":50,"column":21}},"loc":{"start":{"line":50,"column":27},"end":{"line":55,"column":3}},"line":50},"5":{"name":"(anonymous_5)","decl":{"start":{"line":51,"column":32},"end":{"line":51,"column":33}},"loc":{"start":{"line":51,"column":38},"end":{"line":54,"column":5}},"line":51},"6":{"name":"(anonymous_6)","decl":{"start":{"line":58,"column":22},"end":{"line":58,"column":23}},"loc":{"start":{"line":58,"column":29},"end":{"line":62,"column":3}},"line":58},"7":{"name":"(anonymous_7)","decl":{"start":{"line":59,"column":32},"end":{"line":59,"column":33}},"loc":{"start":{"line":59,"column":38},"end":{"line":61,"column":5}},"line":59},"8":{"name":"(anonymous_8)","decl":{"start":{"line":65,"column":39},"end":{"line":65,"column":40}},"loc":{"start":{"line":65,"column":46},"end":{"line":71,"column":1}},"line":65},"9":{"name":"(anonymous_9)","decl":{"start":{"line":76,"column":20},"end":{"line":76,"column":21}},"loc":{"start":{"line":76,"column":26},"end":{"line":88,"column":1}},"line":76},"10":{"name":"(anonymous_10)","decl":{"start":{"line":79,"column":24},"end":{"line":79,"column":25}},"loc":{"start":{"line":79,"column":31},"end":{"line":83,"column":3}},"line":79},"11":{"name":"(anonymous_11)","decl":{"start":{"line":85,"column":44},"end":{"line":85,"column":45}},"loc":{"start":{"line":85,"column":49},"end":{"line":85,"column":70}},"line":85}},"branchMap":{"0":{"loc":{"start":{"line":66,"column":2},"end":{"line":70,"column":3}},"type":"if","locations":[{"start":{"line":66,"column":2},"end":{"line":70,"column":3}},{"start":{},"end":{}}],"line":66},"1":{"loc":{"start":{"line":66,"column":6},"end":{"line":66,"column":42}},"type":"binary-expr","locations":[{"start":{"line":66,"column":6},"end":{"line":66,"column":23}},{"start":{"line":66,"column":27},"end":{"line":66,"column":42}}],"line":66},"2":{"loc":{"start":{"line":80,"column":4},"end":{"line":82,"column":5}},"type":"if","locations":[{"start":{"line":80,"column":4},"end":{"line":82,"column":5}},{"start":{},"end":{}}],"line":80}},"s":{"0":1,"1":1,"2":1,"3":0,"4":0,"5":0,"6":1,"7":1,"8":0,"9":0,"10":0,"11":0,"12":0,"13":0,"14":0,"15":0,"16":0,"17":0,"18":0,"19":0,"20":0,"21":0,"22":0,"23":0,"24":0,"25":0,"26":0,"27":0,"28":0,"29":0,"30":0,"31":0,"32":1,"33":0,"34":0,"35":0,"36":1,"37":1,"38":0,"39":0,"40":0,"41":0,"42":0,"43":0,"44":0,"45":0,"46":0,"47":0,"48":1,"49":1},"f":{"0":0,"1":0,"2":0,"3":0,"4":0,"5":0,"6":0,"7":0,"8":0,"9":0,"10":0,"11":0},"b":{"0":[0,0],"1":[0,0],"2":[0,0]},"_coverageSchema":"1a1c01bbd47fc00a2c39e90264f33305004495a9","hash":"6bc449b3874bb55aae4067b59563b1f1980e95a0"}
}
