{"/home/cess/Desktop/To-Do-List/src/ToDoStatus.js": {"path":"/home/cess/Desktop/To-Do-List/src/ToDoStatus.js","statementMap":{"0":{"start":{"line":4,"column":26},"end":{"line":4,"column":68}},"1":{"start":{"line":7,"column":21},"end":{"line":49,"column":1}},"2":{"start":{"line":8,"column":15},"end":{"line":8,"column":61}},"3":{"start":{"line":9,"column":2},"end":{"line":29,"column":5}},"4":{"start":{"line":10,"column":4},"end":{"line":10,"column":20}},"5":{"start":{"line":11,"column":26},"end":{"line":11,"column":55}},"6":{"start":{"line":12,"column":4},"end":{"line":12,"column":46}},"7":{"start":{"line":13,"column":4},"end":{"line":18,"column":6}},"8":{"start":{"line":19,"column":4},"end":{"line":20,"column":51}},"9":{"start":{"line":20,"column":6},"end":{"line":20,"column":51}},"10":{"start":{"line":22,"column":22},"end":{"line":22,"column":65}},"11":{"start":{"line":23,"column":4},"end":{"line":28,"column":7}},"12":{"start":{"line":24,"column":6},"end":{"line":27,"column":9}},"13":{"start":{"line":25,"column":8},"end":{"line":25,"column":58}},"14":{"start":{"line":26,"column":8},"end":{"line":26,"column":58}},"15":{"start":{"line":31,"column":19},"end":{"line":31,"column":57}},"16":{"start":{"line":32,"column":2},"end":{"line":40,"column":5}},"17":{"start":{"line":33,"column":4},"end":{"line":39,"column":7}},"18":{"start":{"line":34,"column":6},"end":{"line":34,"column":59}},"19":{"start":{"line":35,"column":6},"end":{"line":35,"column":57}},"20":{"start":{"line":36,"column":6},"end":{"line":36,"column":72}},"21":{"start":{"line":37,"column":6},"end":{"line":37,"column":97}},"22":{"start":{"line":38,"column":6},"end":{"line":38,"column":27}},"23":{"start":{"line":42,"column":22},"end":{"line":42,"column":64}},"24":{"start":{"line":43,"column":2},"end":{"line":47,"column":5}},"25":{"start":{"line":44,"column":4},"end":{"line":46,"column":7}},"26":{"start":{"line":45,"column":6},"end":{"line":45,"column":34}},"27":{"start":{"line":48,"column":2},"end":{"line":48,"column":56}},"28":{"start":{"line":54,"column":27},"end":{"line":65,"column":1}},"29":{"start":{"line":55,"column":20},"end":{"line":55,"column":60}},"30":{"start":{"line":56,"column":16},"end":{"line":56,"column":49}},"31":{"start":{"line":57,"column":2},"end":{"line":63,"column":3}},"32":{"start":{"line":57,"column":15},"end":{"line":57,"column":16}},"33":{"start":{"line":58,"column":4},"end":{"line":62,"column":5}},"34":{"start":{"line":59,"column":6},"end":{"line":59,"column":36}},"35":{"start":{"line":61,"column":6},"end":{"line":61,"column":37}},"36":{"start":{"line":64,"column":2},"end":{"line":64,"column":58}}},"fnMap":{"0":{"name":"(anonymous_0)","decl":{"start":{"line":7,"column":21},"end":{"line":7,"column":22}},"loc":{"start":{"line":7,"column":27},"end":{"line":49,"column":1}},"line":7},"1":{"name":"(anonymous_1)","decl":{"start":{"line":9,"column":11},"end":{"line":9,"column":12}},"loc":{"start":{"line":9,"column":16},"end":{"line":29,"column":3}},"line":9},"2":{"name":"(anonymous_2)","decl":{"start":{"line":23,"column":22},"end":{"line":23,"column":23}},"loc":{"start":{"line":23,"column":29},"end":{"line":28,"column":5}},"line":23},"3":{"name":"(anonymous_3)","decl":{"start":{"line":24,"column":34},"end":{"line":24,"column":35}},"loc":{"start":{"line":24,"column":40},"end":{"line":27,"column":7}},"line":24},"4":{"name":"(anonymous_4)","decl":{"start":{"line":32,"column":19},"end":{"line":32,"column":20}},"loc":{"start":{"line":32,"column":26},"end":{"line":40,"column":3}},"line":32},"5":{"name":"(anonymous_5)","decl":{"start":{"line":33,"column":32},"end":{"line":33,"column":33}},"loc":{"start":{"line":33,"column":38},"end":{"line":39,"column":5}},"line":33},"6":{"name":"(anonymous_6)","decl":{"start":{"line":43,"column":22},"end":{"line":43,"column":23}},"loc":{"start":{"line":43,"column":29},"end":{"line":47,"column":3}},"line":43},"7":{"name":"(anonymous_7)","decl":{"start":{"line":44,"column":32},"end":{"line":44,"column":33}},"loc":{"start":{"line":44,"column":38},"end":{"line":46,"column":5}},"line":44},"8":{"name":"(anonymous_8)","decl":{"start":{"line":54,"column":27},"end":{"line":54,"column":28}},"loc":{"start":{"line":54,"column":33},"end":{"line":65,"column":1}},"line":54}},"branchMap":{"0":{"loc":{"start":{"line":8,"column":15},"end":{"line":8,"column":61}},"type":"binary-expr","locations":[{"start":{"line":8,"column":15},"end":{"line":8,"column":55}},{"start":{"line":8,"column":59},"end":{"line":8,"column":61}}],"line":8},"1":{"loc":{"start":{"line":19,"column":4},"end":{"line":20,"column":51}},"type":"if","locations":[{"start":{"line":19,"column":4},"end":{"line":20,"column":51}},{"start":{},"end":{}}],"line":19},"2":{"loc":{"start":{"line":58,"column":4},"end":{"line":62,"column":5}},"type":"if","locations":[{"start":{"line":58,"column":4},"end":{"line":62,"column":5}},{"start":{"line":60,"column":11},"end":{"line":62,"column":5}}],"line":58}},"s":{"0":1,"1":1,"2":1,"3":1,"4":0,"5":0,"6":0,"7":0,"8":0,"9":0,"10":0,"11":0,"12":0,"13":0,"14":0,"15":1,"16":1,"17":0,"18":0,"19":0,"20":0,"21":0,"22":0,"23":1,"24":1,"25":0,"26":0,"27":1,"28":1,"29":0,"30":0,"31":0,"32":0,"33":0,"34":0,"35":0,"36":0},"f":{"0":1,"1":0,"2":0,"3":0,"4":0,"5":0,"6":0,"7":0,"8":0},"b":{"0":[1,1],"1":[0,0],"2":[0,0]},"_coverageSchema":"1a1c01bbd47fc00a2c39e90264f33305004495a9","hash":"13d5ae4a79375ff52038ace83ef674854abed25c"}
,"/home/cess/Desktop/To-Do-List/src/functionalities.js": {"path":"/home/cess/Desktop/To-Do-List/src/functionalities.js","statementMap":{"0":{"start":{"line":1,"column":26},"end":{"line":1,"column":68}},"1":{"start":{"line":4,"column":24},"end":{"line":25,"column":1}},"2":{"start":{"line":5,"column":20},"end":{"line":5,"column":51}},"3":{"start":{"line":6,"column":2},"end":{"line":6,"column":26}},"4":{"start":{"line":7,"column":2},"end":{"line":7,"column":36}},"5":{"start":{"line":8,"column":2},"end":{"line":8,"column":37}},"6":{"start":{"line":9,"column":2},"end":{"line":9,"column":46}},"7":{"start":{"line":10,"column":2},"end":{"line":24,"column":5}},"8":{"start":{"line":11,"column":4},"end":{"line":23,"column":5}},"9":{"start":{"line":12,"column":29},"end":{"line":12,"column":72}},"10":{"start":{"line":13,"column":35},"end":{"line":13,"column":75}},"11":{"start":{"line":14,"column":6},"end":{"line":19,"column":7}},"12":{"start":{"line":14,"column":19},"end":{"line":14,"column":20}},"13":{"start":{"line":15,"column":8},"end":{"line":18,"column":9}},"14":{"start":{"line":16,"column":10},"end":{"line":16,"column":64}},"15":{"start":{"line":17,"column":10},"end":{"line":17,"column":77}},"16":{"start":{"line":20,"column":6},"end":{"line":20,"column":67}},"17":{"start":{"line":21,"column":6},"end":{"line":21,"column":50}},"18":{"start":{"line":22,"column":6},"end":{"line":22,"column":41}},"19":{"start":{"line":28,"column":26},"end":{"line":35,"column":1}},"20":{"start":{"line":29,"column":2},"end":{"line":29,"column":38}},"21":{"start":{"line":30,"column":14},"end":{"line":30,"column":15}},"22":{"start":{"line":31,"column":31},"end":{"line":31,"column":71}},"23":{"start":{"line":32,"column":15},"end":{"line":32,"column":82}},"24":{"start":{"line":32,"column":60},"end":{"line":32,"column":81}},"25":{"start":{"line":33,"column":2},"end":{"line":33,"column":38}},"26":{"start":{"line":33,"column":16},"end":{"line":33,"column":36}},"27":{"start":{"line":34,"column":2},"end":{"line":34,"column":55}}},"fnMap":{"0":{"name":"(anonymous_0)","decl":{"start":{"line":4,"column":24},"end":{"line":4,"column":25}},"loc":{"start":{"line":4,"column":49},"end":{"line":25,"column":1}},"line":4},"1":{"name":"(anonymous_1)","decl":{"start":{"line":10,"column":41},"end":{"line":10,"column":42}},"loc":{"start":{"line":10,"column":48},"end":{"line":24,"column":3}},"line":10},"2":{"name":"(anonymous_2)","decl":{"start":{"line":28,"column":26},"end":{"line":28,"column":27}},"loc":{"start":{"line":28,"column":36},"end":{"line":35,"column":1}},"line":28},"3":{"name":"(anonymous_3)","decl":{"start":{"line":32,"column":55},"end":{"line":32,"column":56}},"loc":{"start":{"line":32,"column":60},"end":{"line":32,"column":81}},"line":32},"4":{"name":"(anonymous_4)","decl":{"start":{"line":33,"column":11},"end":{"line":33,"column":12}},"loc":{"start":{"line":33,"column":16},"end":{"line":33,"column":36}},"line":33}},"branchMap":{"0":{"loc":{"start":{"line":11,"column":4},"end":{"line":23,"column":5}},"type":"if","locations":[{"start":{"line":11,"column":4},"end":{"line":23,"column":5}},{"start":{},"end":{}}],"line":11},"1":{"loc":{"start":{"line":15,"column":8},"end":{"line":18,"column":9}},"type":"if","locations":[{"start":{"line":15,"column":8},"end":{"line":18,"column":9}},{"start":{},"end":{}}],"line":15}},"s":{"0":1,"1":1,"2":0,"3":0,"4":0,"5":0,"6":0,"7":0,"8":0,"9":0,"10":0,"11":0,"12":0,"13":0,"14":0,"15":0,"16":0,"17":0,"18":0,"19":1,"20":0,"21":0,"22":0,"23":0,"24":0,"25":0,"26":0,"27":0},"f":{"0":0,"1":0,"2":0,"3":0,"4":0},"b":{"0":[0,0],"1":[0,0]},"_coverageSchema":"1a1c01bbd47fc00a2c39e90264f33305004495a9","hash":"868528e2eed325b82f15f933d272d45cdfb3a71e"}
,"/home/cess/Desktop/To-Do-List/src/index.js": {"path":"/home/cess/Desktop/To-Do-List/src/index.js","statementMap":{"0":{"start":{"line":6,"column":18},"end":{"line":6,"column":49}},"1":{"start":{"line":7,"column":26},"end":{"line":7,"column":68}},"2":{"start":{"line":8,"column":17},"end":{"line":8,"column":49}},"3":{"start":{"line":11,"column":0},"end":{"line":11,"column":48}},"4":{"start":{"line":17,"column":4},"end":{"line":17,"column":35}},"5":{"start":{"line":18,"column":4},"end":{"line":18,"column":31}},"6":{"start":{"line":19,"column":4},"end":{"line":19,"column":23}},"7":{"start":{"line":24,"column":23},"end":{"line":24,"column":25}},"8":{"start":{"line":27,"column":16},"end":{"line":69,"column":1}},"9":{"start":{"line":28,"column":24},"end":{"line":28,"column":53}},"10":{"start":{"line":29,"column":2},"end":{"line":29,"column":44}},"11":{"start":{"line":30,"column":2},"end":{"line":35,"column":4}},"12":{"start":{"line":36,"column":2},"end":{"line":37,"column":49}},"13":{"start":{"line":37,"column":4},"end":{"line":37,"column":49}},"14":{"start":{"line":39,"column":19},"end":{"line":39,"column":57}},"15":{"start":{"line":40,"column":2},"end":{"line":48,"column":5}},"16":{"start":{"line":41,"column":4},"end":{"line":47,"column":7}},"17":{"start":{"line":42,"column":6},"end":{"line":42,"column":59}},"18":{"start":{"line":43,"column":6},"end":{"line":43,"column":57}},"19":{"start":{"line":44,"column":6},"end":{"line":44,"column":72}},"20":{"start":{"line":45,"column":6},"end":{"line":45,"column":97}},"21":{"start":{"line":46,"column":6},"end":{"line":46,"column":27}},"22":{"start":{"line":51,"column":17},"end":{"line":51,"column":70}},"23":{"start":{"line":52,"column":2},"end":{"line":52,"column":23}},"24":{"start":{"line":53,"column":2},"end":{"line":53,"column":56}},"25":{"start":{"line":55,"column":20},"end":{"line":55,"column":63}},"26":{"start":{"line":56,"column":2},"end":{"line":61,"column":5}},"27":{"start":{"line":57,"column":4},"end":{"line":60,"column":7}},"28":{"start":{"line":58,"column":6},"end":{"line":58,"column":56}},"29":{"start":{"line":59,"column":6},"end":{"line":59,"column":56}},"30":{"start":{"line":63,"column":22},"end":{"line":63,"column":64}},"31":{"start":{"line":64,"column":2},"end":{"line":68,"column":5}},"32":{"start":{"line":65,"column":4},"end":{"line":67,"column":7}},"33":{"start":{"line":66,"column":6},"end":{"line":66,"column":34}},"34":{"start":{"line":71,"column":0},"end":{"line":79,"column":1}},"35":{"start":{"line":72,"column":2},"end":{"line":78,"column":5}},"36":{"start":{"line":73,"column":4},"end":{"line":77,"column":5}},"37":{"start":{"line":75,"column":6},"end":{"line":75,"column":31}},"38":{"start":{"line":76,"column":6},"end":{"line":76,"column":29}},"39":{"start":{"line":82,"column":0},"end":{"line":82,"column":15}},"40":{"start":{"line":85,"column":20},"end":{"line":97,"column":1}},"41":{"start":{"line":86,"column":20},"end":{"line":86,"column":60}},"42":{"start":{"line":87,"column":24},"end":{"line":87,"column":67}},"43":{"start":{"line":88,"column":2},"end":{"line":92,"column":5}},"44":{"start":{"line":89,"column":4},"end":{"line":91,"column":5}},"45":{"start":{"line":90,"column":6},"end":{"line":90,"column":20}},"46":{"start":{"line":93,"column":14},"end":{"line":93,"column":15}},"47":{"start":{"line":94,"column":15},"end":{"line":94,"column":71}},"48":{"start":{"line":94,"column":49},"end":{"line":94,"column":70}},"49":{"start":{"line":95,"column":2},"end":{"line":95,"column":33}},"50":{"start":{"line":96,"column":2},"end":{"line":96,"column":53}},"51":{"start":{"line":99,"column":0},"end":{"line":101,"column":1}},"52":{"start":{"line":100,"column":2},"end":{"line":100,"column":50}},"53":{"start":{"line":104,"column":0},"end":{"line":104,"column":25}}},"fnMap":{"0":{"name":"(anonymous_0)","decl":{"start":{"line":16,"column":2},"end":{"line":16,"column":3}},"loc":{"start":{"line":16,"column":45},"end":{"line":20,"column":3}},"line":16},"1":{"name":"(anonymous_1)","decl":{"start":{"line":27,"column":16},"end":{"line":27,"column":17}},"loc":{"start":{"line":27,"column":31},"end":{"line":69,"column":1}},"line":27},"2":{"name":"(anonymous_2)","decl":{"start":{"line":40,"column":19},"end":{"line":40,"column":20}},"loc":{"start":{"line":40,"column":26},"end":{"line":48,"column":3}},"line":40},"3":{"name":"(anonymous_3)","decl":{"start":{"line":41,"column":32},"end":{"line":41,"column":33}},"loc":{"start":{"line":41,"column":38},"end":{"line":47,"column":5}},"line":41},"4":{"name":"(anonymous_4)","decl":{"start":{"line":56,"column":20},"end":{"line":56,"column":21}},"loc":{"start":{"line":56,"column":27},"end":{"line":61,"column":3}},"line":56},"5":{"name":"(anonymous_5)","decl":{"start":{"line":57,"column":32},"end":{"line":57,"column":33}},"loc":{"start":{"line":57,"column":38},"end":{"line":60,"column":5}},"line":57},"6":{"name":"(anonymous_6)","decl":{"start":{"line":64,"column":22},"end":{"line":64,"column":23}},"loc":{"start":{"line":64,"column":29},"end":{"line":68,"column":3}},"line":64},"7":{"name":"(anonymous_7)","decl":{"start":{"line":65,"column":32},"end":{"line":65,"column":33}},"loc":{"start":{"line":65,"column":38},"end":{"line":67,"column":5}},"line":65},"8":{"name":"(anonymous_8)","decl":{"start":{"line":72,"column":41},"end":{"line":72,"column":42}},"loc":{"start":{"line":72,"column":48},"end":{"line":78,"column":3}},"line":72},"9":{"name":"(anonymous_9)","decl":{"start":{"line":85,"column":20},"end":{"line":85,"column":21}},"loc":{"start":{"line":85,"column":26},"end":{"line":97,"column":1}},"line":85},"10":{"name":"(anonymous_10)","decl":{"start":{"line":88,"column":24},"end":{"line":88,"column":25}},"loc":{"start":{"line":88,"column":31},"end":{"line":92,"column":3}},"line":88},"11":{"name":"(anonymous_11)","decl":{"start":{"line":94,"column":44},"end":{"line":94,"column":45}},"loc":{"start":{"line":94,"column":49},"end":{"line":94,"column":70}},"line":94}},"branchMap":{"0":{"loc":{"start":{"line":36,"column":2},"end":{"line":37,"column":49}},"type":"if","locations":[{"start":{"line":36,"column":2},"end":{"line":37,"column":49}},{"start":{},"end":{}}],"line":36},"1":{"loc":{"start":{"line":71,"column":0},"end":{"line":79,"column":1}},"type":"if","locations":[{"start":{"line":71,"column":0},"end":{"line":79,"column":1}},{"start":{},"end":{}}],"line":71},"2":{"loc":{"start":{"line":73,"column":4},"end":{"line":77,"column":5}},"type":"if","locations":[{"start":{"line":73,"column":4},"end":{"line":77,"column":5}},{"start":{},"end":{}}],"line":73},"3":{"loc":{"start":{"line":73,"column":8},"end":{"line":73,"column":44}},"type":"binary-expr","locations":[{"start":{"line":73,"column":8},"end":{"line":73,"column":25}},{"start":{"line":73,"column":29},"end":{"line":73,"column":44}}],"line":73},"4":{"loc":{"start":{"line":89,"column":4},"end":{"line":91,"column":5}},"type":"if","locations":[{"start":{"line":89,"column":4},"end":{"line":91,"column":5}},{"start":{},"end":{}}],"line":89},"5":{"loc":{"start":{"line":99,"column":0},"end":{"line":101,"column":1}},"type":"if","locations":[{"start":{"line":99,"column":0},"end":{"line":101,"column":1}},{"start":{},"end":{}}],"line":99}},"s":{"0":1,"1":1,"2":1,"3":1,"4":1,"5":1,"6":1,"7":1,"8":1,"9":1,"10":1,"11":1,"12":1,"13":0,"14":1,"15":1,"16":0,"17":0,"18":0,"19":0,"20":0,"21":0,"22":1,"23":1,"24":1,"25":1,"26":1,"27":0,"28":0,"29":0,"30":1,"31":1,"32":0,"33":0,"34":1,"35":0,"36":0,"37":0,"38":0,"39":1,"40":1,"41":0,"42":0,"43":0,"44":0,"45":0,"46":0,"47":0,"48":0,"49":0,"50":0,"51":1,"52":0,"53":1},"f":{"0":1,"1":1,"2":0,"3":0,"4":0,"5":0,"6":0,"7":0,"8":0,"9":0,"10":0,"11":0},"b":{"0":[0,1],"1":[0,1],"2":[0,0],"3":[0,0],"4":[0,0],"5":[0,1]},"_coverageSchema":"1a1c01bbd47fc00a2c39e90264f33305004495a9","hash":"2bf67599fb788c22f398d0e123b138f0a0667e74"}
}
